\BOOKMARK [1][-]{section.1}{\376\377\000H\000i\000g\000h\000-\000L\000e\000v\000e\000l\000\040\000O\000v\000e\000r\000v\000i\000e\000w}{}% 1
\BOOKMARK [2][-]{subsection.1.1}{\376\377\000W\000h\000a\000t\000\040\000t\000h\000i\000s\000\040\000C\000P\000U\000\040\000i\000s}{section.1}% 2
\BOOKMARK [2][-]{subsection.1.2}{\376\377\000W\000h\000y\000\040\000t\000h\000e\000r\000e\000\040\000a\000r\000e\000\040\000m\000u\000l\000t\000i\000p\000l\000e\000\040\000C\000P\000U\000\040\000f\000i\000l\000e\000s}{section.1}% 3
\BOOKMARK [2][-]{subsection.1.3}{\376\377\000S\000u\000p\000p\000o\000r\000t\000e\000d\000\040\000I\000S\000A\000\040\000s\000u\000b\000s\000e\000t\000,\000\040\000a\000t\000\040\000a\000\040\000g\000l\000a\000n\000c\000e}{section.1}% 4
\BOOKMARK [1][-]{section.2}{\376\377\000R\000e\000p\000o\000s\000i\000t\000o\000r\000y\000\040\000/\000\040\000F\000i\000l\000e\000\040\000S\000t\000r\000u\000c\000t\000u\000r\000e}{}% 5
\BOOKMARK [1][-]{section.3}{\376\377\000C\000P\000U\000\040\000A\000r\000c\000h\000i\000t\000e\000c\000t\000u\000r\000e\000\040\000O\000v\000e\000r\000v\000i\000e\000w}{}% 6
\BOOKMARK [2][-]{subsection.3.1}{\376\377\000T\000h\000e\000\040\000b\000a\000s\000i\000c\000\040\000C\000P\000U\000\040\000l\000o\000o\000p}{section.3}% 7
\BOOKMARK [2][-]{subsection.3.2}{\376\377\000M\000a\000i\000n\000\040\000c\000o\000n\000c\000e\000p\000t\000u\000a\000l\000\040\000b\000l\000o\000c\000k\000\040\000d\000i\000a\000g\000r\000a\000m}{section.3}% 8
\BOOKMARK [2][-]{subsection.3.3}{\376\377\000S\000i\000n\000g\000l\000e\000-\000c\000y\000c\000l\000e\000\040\000v\000s\000\040\000m\000u\000l\000t\000i\000-\000c\000y\000c\000l\000e\000\040\000v\000s\000\040\000p\000i\000p\000e\000l\000i\000n\000e\000d}{section.3}% 9
\BOOKMARK [3][-]{subsubsection.3.3.1}{\376\377\000S\000i\000n\000g\000l\000e\000-\000c\000y\000c\000l\000e}{subsection.3.3}% 10
\BOOKMARK [3][-]{subsubsection.3.3.2}{\376\377\000M\000u\000l\000t\000i\000-\000c\000y\000c\000l\000e}{subsection.3.3}% 11
\BOOKMARK [3][-]{subsubsection.3.3.3}{\376\377\000P\000i\000p\000e\000l\000i\000n\000e\000d}{subsection.3.3}% 12
\BOOKMARK [1][-]{section.4}{\376\377\000I\000n\000s\000t\000r\000u\000c\000t\000i\000o\000n\000\040\000E\000n\000c\000o\000d\000i\000n\000g\000\040\000a\000n\000d\000\040\000D\000e\000c\000o\000d\000e}{}% 13
\BOOKMARK [2][-]{subsection.4.1}{\376\377\000W\000h\000y\000\040\000d\000e\000c\000o\000d\000e\000\040\000e\000x\000i\000s\000t\000s}{section.4}% 14
\BOOKMARK [2][-]{subsection.4.2}{\376\377\000H\000o\000w\000\040\000d\000e\000c\000o\000d\000e\000\040\000i\000s\000\040\000i\000m\000p\000l\000e\000m\000e\000n\000t\000e\000d\000\040\000h\000e\000r\000e}{section.4}% 15
\BOOKMARK [2][-]{subsection.4.3}{\376\377\000I\000n\000s\000t\000r\000u\000c\000t\000i\000o\000n\000\040\000f\000a\000m\000i\000l\000i\000e\000s}{section.4}% 16
\BOOKMARK [3][-]{subsubsection.4.3.1}{\376\377\000R\000-\000t\000y\000p\000e\000\040\000i\000n\000t\000e\000g\000e\000r\000\040\000o\000p\000e\000r\000a\000t\000i\000o\000n\000s}{subsection.4.3}% 17
\BOOKMARK [3][-]{subsubsection.4.3.2}{\376\377\000I\000-\000t\000y\000p\000e\000\040\000A\000L\000U\000\040\000o\000p\000e\000r\000a\000t\000i\000o\000n\000s}{subsection.4.3}% 18
\BOOKMARK [3][-]{subsubsection.4.3.3}{\376\377\000L\000o\000a\000d\000s\000\040\000a\000n\000d\000\040\000s\000t\000o\000r\000e\000s}{subsection.4.3}% 19
\BOOKMARK [3][-]{subsubsection.4.3.4}{\376\377\000B\000r\000a\000n\000c\000h\000e\000s\000\040\000a\000n\000d\000\040\000j\000u\000m\000p\000s}{subsection.4.3}% 20
\BOOKMARK [3][-]{subsubsection.4.3.5}{\376\377\000S\000y\000s\000t\000e\000m\000\040\000i\000n\000s\000t\000r\000u\000c\000t\000i\000o\000n\000s}{subsection.4.3}% 21
\BOOKMARK [1][-]{section.5}{\376\377\000I\000m\000m\000e\000d\000i\000a\000t\000e\000\040\000G\000e\000n\000e\000r\000a\000t\000o\000r}{}% 22
\BOOKMARK [2][-]{subsection.5.1}{\376\377\000W\000h\000y\000\040\000i\000m\000m\000e\000d\000i\000a\000t\000e\000s\000\040\000l\000o\000o\000k\000\040\000s\000t\000r\000a\000n\000g\000e\000\040\000i\000n\000\040\000R\000I\000S\000C\000-\000V}{section.5}% 23
\BOOKMARK [2][-]{subsection.5.2}{\376\377\000I\000m\000m\000e\000d\000i\000a\000t\000e\000\040\000f\000o\000r\000m\000a\000t\000s}{section.5}% 24
\BOOKMARK [2][-]{subsection.5.3}{\376\377\000W\000h\000y\000\040\000B\000\040\000a\000n\000d\000\040\000J\000\040\000i\000m\000m\000e\000d\000i\000a\000t\000e\000s\000\040\000e\000n\000d\000\040\000i\000n\000\040\000z\000e\000r\000o}{section.5}% 25
\BOOKMARK [2][-]{subsection.5.4}{\376\377\000I\000m\000p\000l\000e\000m\000e\000n\000t\000a\000t\000i\000o\000n\000\040\000r\000o\000l\000e}{section.5}% 26
\BOOKMARK [1][-]{section.6}{\376\377\000R\000e\000g\000i\000s\000t\000e\000r\000\040\000F\000i\000l\000e}{}% 27
\BOOKMARK [2][-]{subsection.6.1}{\376\377\000W\000h\000a\000t\000\040\000t\000h\000e\000\040\000r\000e\000g\000i\000s\000t\000e\000r\000\040\000f\000i\000l\000e\000\040\000i\000s}{section.6}% 28
\BOOKMARK [2][-]{subsection.6.2}{\376\377\000T\000h\000e\000\040\000s\000p\000e\000c\000i\000a\000l\000\040\000r\000u\000l\000e\000\040\000f\000o\000r\000\040\000x\0000}{section.6}% 29
\BOOKMARK [2][-]{subsection.6.3}{\376\377\000R\000e\000a\000d\000\040\000a\000n\000d\000\040\000w\000r\000i\000t\000e\000\040\000t\000i\000m\000i\000n\000g}{section.6}% 30
\BOOKMARK [1][-]{section.7}{\376\377\000A\000L\000U\000\040\000a\000n\000d\000\040\000R\000V\0003\0002\000M\000\040\000M\000u\000l\000t\000i\000p\000l\000y\000/\000D\000i\000v\000i\000d\000e}{}% 31
\BOOKMARK [2][-]{subsection.7.1}{\376\377\000W\000h\000y\000\040\000t\000h\000e\000\040\000A\000L\000U\000\040\000e\000x\000i\000s\000t\000s}{section.7}% 32
\BOOKMARK [2][-]{subsection.7.2}{\376\377\000B\000a\000s\000e\000\040\000R\000V\0003\0002\000I\000\040\000A\000L\000U\000\040\000o\000p\000e\000r\000a\000t\000i\000o\000n\000s}{section.7}% 33
\BOOKMARK [2][-]{subsection.7.3}{\376\377\000S\000i\000g\000n\000e\000d\000\040\000v\000s\000\040\000u\000n\000s\000i\000g\000n\000e\000d\000\040\000b\000e\000h\000a\000v\000i\000o\000r}{section.7}% 34
\BOOKMARK [2][-]{subsection.7.4}{\376\377\000R\000V\0003\0002\000M\000\040\000m\000u\000l\000t\000i\000p\000l\000i\000c\000a\000t\000i\000o\000n}{section.7}% 35
\BOOKMARK [2][-]{subsection.7.5}{\376\377\000R\000V\0003\0002\000M\000\040\000d\000i\000v\000i\000s\000i\000o\000n\000\040\000a\000n\000d\000\040\000r\000e\000m\000a\000i\000n\000d\000e\000r}{section.7}% 36
\BOOKMARK [2][-]{subsection.7.6}{\376\377\000H\000a\000r\000d\000w\000a\000r\000e\000\040\000c\000o\000s\000t}{section.7}% 37
\BOOKMARK [1][-]{section.8}{\376\377\000P\000r\000o\000g\000r\000a\000m\000\040\000C\000o\000u\000n\000t\000e\000r\000,\000\040\000B\000r\000a\000n\000c\000h\000e\000s\000,\000\040\000a\000n\000d\000\040\000J\000u\000m\000p\000s}{}% 38
\BOOKMARK [2][-]{subsection.8.1}{\376\377\000W\000h\000a\000t\000\040\000t\000h\000e\000\040\000P\000C\000\040\000d\000o\000e\000s}{section.8}% 39
\BOOKMARK [2][-]{subsection.8.2}{\376\377\000C\000o\000n\000d\000i\000t\000i\000o\000n\000a\000l\000\040\000b\000r\000a\000n\000c\000h\000e\000s}{section.8}% 40
\BOOKMARK [2][-]{subsection.8.3}{\376\377\0008\000.\0003\000\040\000j\000a\000l}{section.8}% 41
\BOOKMARK [2][-]{subsection.8.4}{\376\377\0008\000.\0004\000\040\000j\000a\000l\000r}{section.8}% 42
\BOOKMARK [2][-]{subsection.8.5}{\376\377\000C\000o\000n\000t\000r\000o\000l\000\040\000h\000a\000z\000a\000r\000d\000\040\000i\000n\000\040\000a\000\040\000p\000i\000p\000e\000l\000i\000n\000e}{section.8}% 43
\BOOKMARK [1][-]{section.9}{\376\377\000L\000o\000a\000d\000/\000S\000t\000o\000r\000e\000\040\000U\000n\000i\000t\000\040\000a\000n\000d\000\040\000M\000e\000m\000o\000r\000y\000\040\000A\000c\000c\000e\000s\000s}{}% 44
\BOOKMARK [2][-]{subsection.9.1}{\376\377\000W\000h\000y\000\040\000R\000I\000S\000C\000-\000V\000\040\000i\000s\000\040\000l\000o\000a\000d\000/\000s\000t\000o\000r\000e}{section.9}% 45
\BOOKMARK [2][-]{subsection.9.2}{\376\377\000E\000f\000f\000e\000c\000t\000i\000v\000e\000\040\000a\000d\000d\000r\000e\000s\000s\000\040\000c\000a\000l\000c\000u\000l\000a\000t\000i\000o\000n}{section.9}% 46
\BOOKMARK [2][-]{subsection.9.3}{\376\377\000L\000o\000a\000d\000\040\000s\000i\000z\000e\000s\000\040\000a\000n\000d\000\040\000s\000i\000g\000n\000\040\000e\000x\000t\000e\000n\000s\000i\000o\000n}{section.9}% 47
\BOOKMARK [2][-]{subsection.9.4}{\376\377\000S\000t\000o\000r\000e\000\040\000s\000i\000z\000e\000s\000\040\000a\000n\000d\000\040\000b\000y\000t\000e\000\040\000m\000a\000s\000k\000s}{section.9}% 48
\BOOKMARK [2][-]{subsection.9.5}{\376\377\000M\000e\000m\000o\000r\000y\000-\000m\000a\000p\000p\000e\000d\000\040\000I\000/\000O}{section.9}% 49
\BOOKMARK [1][-]{section.10}{\376\377\000C\000S\000R\000,\000\040\000P\000r\000i\000v\000i\000l\000e\000g\000e\000,\000\040\000E\000x\000c\000e\000p\000t\000i\000o\000n\000s\000,\000\040\000a\000n\000d\000\040\000T\000r\000a\000p\000s}{}% 50
\BOOKMARK [2][-]{subsection.10.1}{\376\377\000W\000h\000y\000\040\000C\000S\000R\000s\000\040\000e\000x\000i\000s\000t}{section.10}% 51
\BOOKMARK [2][-]{subsection.10.2}{\376\377\000W\000h\000a\000t\000\040\000a\000\040\000t\000r\000a\000p\000\040\000i\000s}{section.10}% 52
\BOOKMARK [2][-]{subsection.10.3}{\376\377\000P\000r\000i\000v\000i\000l\000e\000g\000e\000\040\000m\000o\000d\000e\000l\000\040\000i\000n\000\040\000t\000h\000i\000s\000\040\000d\000e\000s\000i\000g\000n}{section.10}% 53
\BOOKMARK [2][-]{subsection.10.4}{\376\377\000S\000u\000p\000p\000o\000r\000t\000e\000d\000\040\000C\000S\000R\000s}{section.10}% 54
\BOOKMARK [2][-]{subsection.10.5}{\376\377\000C\000S\000R\000\040\000i\000n\000s\000t\000r\000u\000c\000t\000i\000o\000n\000s}{section.10}% 55
\BOOKMARK [2][-]{subsection.10.6}{\376\377\0001\0000\000.\0006\000\040\000T\000r\000a\000p\000\040\000e\000n\000t\000r\000y\000\040\000a\000n\000d\000\040\000m\000r\000e\000t}{section.10}% 56
\BOOKMARK [2][-]{subsection.10.7}{\376\377\000I\000l\000l\000e\000g\000a\000l\000\040\000i\000n\000s\000t\000r\000u\000c\000t\000i\000o\000n\000\040\000d\000e\000t\000e\000c\000t\000i\000o\000n}{section.10}% 57
\BOOKMARK [1][-]{section.11}{\376\377\000T\000i\000m\000e\000r\000\040\000a\000n\000d\000\040\000C\000L\000I\000N\000T}{}% 58
\BOOKMARK [2][-]{subsection.11.1}{\376\377\000W\000h\000y\000\040\000a\000\040\000t\000i\000m\000e\000r\000\040\000m\000a\000t\000t\000e\000r\000s}{section.11}% 59
\BOOKMARK [2][-]{subsection.11.2}{\376\377\000M\000a\000c\000h\000i\000n\000e\000\040\000t\000i\000m\000e\000r\000\040\000i\000n\000t\000e\000r\000r\000u\000p\000t\000\040\000f\000l\000o\000w}{section.11}% 60
\BOOKMARK [2][-]{subsection.11.3}{\376\377\000C\000L\000I\000N\000T\000-\000s\000t\000y\000l\000e\000\040\000b\000l\000o\000c\000k}{section.11}% 61
\BOOKMARK [1][-]{section.12}{\376\377\000A\000t\000o\000m\000i\000c\000\040\000O\000p\000e\000r\000a\000t\000i\000o\000n\000s}{}% 62
\BOOKMARK [2][-]{subsection.12.1}{\376\377\000W\000h\000y\000\040\000a\000t\000o\000m\000i\000c\000s\000\040\000e\000x\000i\000s\000t}{section.12}% 63
\BOOKMARK [2][-]{subsection.12.2}{\376\377\000R\000I\000S\000C\000-\000V\000\040\000a\000t\000o\000m\000i\000c\000\040\000c\000o\000n\000c\000e\000p\000t\000s}{section.12}% 64
\BOOKMARK [2][-]{subsection.12.3}{\376\377\000I\000m\000p\000l\000e\000m\000e\000n\000t\000a\000t\000i\000o\000n\000\040\000i\000n\000\040\000t\000h\000i\000s\000\040\000r\000e\000p\000o\000s\000i\000t\000o\000r\000y}{section.12}% 65
\BOOKMARK [2][-]{subsection.12.4}{\376\377\000I\000m\000p\000o\000r\000t\000a\000n\000t\000\040\000l\000i\000m\000i\000t\000a\000t\000i\000o\000n}{section.12}% 66
\BOOKMARK [1][-]{section.13}{\376\377\000M\000M\000U\000\040\000a\000n\000d\000\040\000V\000i\000r\000t\000u\000a\000l\000\040\000M\000e\000m\000o\000r\000y}{}% 67
\BOOKMARK [2][-]{subsection.13.1}{\376\377\000T\000h\000e\000\040\000p\000r\000o\000b\000l\000e\000m\000:\000\040\000s\000o\000f\000t\000w\000a\000r\000e\000\040\000s\000h\000o\000u\000l\000d\000\040\000n\000o\000t\000\040\000a\000l\000w\000a\000y\000s\000\040\000u\000s\000e\000\040\000p\000h\000y\000s\000i\000c\000a\000l\000\040\000a\000d\000d\000r\000e\000s\000s\000e\000s}{section.13}% 68
\BOOKMARK [2][-]{subsection.13.2}{\376\377\000V\000i\000r\000t\000u\000a\000l\000\040\000a\000d\000d\000r\000e\000s\000s\000\040\000v\000s\000\040\000p\000h\000y\000s\000i\000c\000a\000l\000\040\000a\000d\000d\000r\000e\000s\000s}{section.13}% 69
\BOOKMARK [2][-]{subsection.13.3}{\376\377\000W\000h\000a\000t\000\040\000a\000\040\000p\000a\000g\000e\000\040\000i\000s}{section.13}% 70
\BOOKMARK [2][-]{subsection.13.4}{\376\377\000W\000h\000a\000t\000\040\000a\000\040\000p\000a\000g\000e\000\040\000t\000a\000b\000l\000e\000\040\000i\000s}{section.13}% 71
\BOOKMARK [2][-]{subsection.13.5}{\376\377\000W\000h\000y\000\040\000m\000u\000l\000t\000i\000-\000l\000e\000v\000e\000l\000\040\000p\000a\000g\000e\000\040\000t\000a\000b\000l\000e\000s\000\040\000e\000x\000i\000s\000t}{section.13}% 72
\BOOKMARK [2][-]{subsection.13.6}{\376\377\000N\000o\000w\000\040\000S\000v\0003\0002\000:\000\040\000t\000h\000e\000\040\000R\000I\000S\000C\000-\000V\000\040\0003\0002\000-\000b\000i\000t\000\040\000v\000i\000r\000t\000u\000a\000l\000\040\000m\000e\000m\000o\000r\000y\000\040\000s\000c\000h\000e\000m\000e}{section.13}% 73
\BOOKMARK [2][-]{subsection.13.7}{\376\377\0001\0003\000.\0007\000\040\000s\000a\000t\000p\000:\000\040\000w\000h\000e\000r\000e\000\040\000t\000r\000a\000n\000s\000l\000a\000t\000i\000o\000n\000\040\000b\000e\000g\000i\000n\000s}{section.13}% 74
\BOOKMARK [2][-]{subsection.13.8}{\376\377\000P\000T\000E\000\040\000f\000o\000r\000m\000a\000t\000\040\000a\000n\000d\000\040\000p\000e\000r\000m\000i\000s\000s\000i\000o\000n\000s}{section.13}% 75
\BOOKMARK [2][-]{subsection.13.9}{\376\377\000P\000a\000g\000e\000-\000t\000a\000b\000l\000e\000\040\000w\000a\000l\000k}{section.13}% 76
\BOOKMARK [2][-]{subsection.13.10}{\376\377\000H\000o\000w\000\040\000p\000h\000y\000s\000i\000c\000a\000l\000\040\000a\000d\000d\000r\000e\000s\000s\000e\000s\000\040\000a\000r\000e\000\040\000f\000o\000r\000m\000e\000d}{section.13}% 77
\BOOKMARK [2][-]{subsection.13.11}{\376\377\000W\000h\000e\000n\000\040\000t\000r\000a\000n\000s\000l\000a\000t\000i\000o\000n\000\040\000i\000s\000\040\000a\000c\000t\000i\000v\000e}{section.13}% 78
\BOOKMARK [2][-]{subsection.13.12}{\376\377\000P\000a\000g\000e\000\040\000f\000a\000u\000l\000t\000s}{section.13}% 79
\BOOKMARK [2][-]{subsection.13.13}{\376\377\000T\000w\000o\000\040\000M\000M\000U\000\040\000i\000m\000p\000l\000e\000m\000e\000n\000t\000a\000t\000i\000o\000n\000s\000\040\000i\000n\000\040\000t\000h\000i\000s\000\040\000p\000r\000o\000j\000e\000c\000t}{section.13}% 80
\BOOKMARK [3][-]{subsubsection.13.13.1}{\376\377\000r\000t\000l\000/\000m\000m\000u\000.\000v\000\040\040\024\000\040\000c\000o\000m\000b\000i\000n\000a\000t\000i\000o\000n\000a\000l\000\040\000e\000d\000u\000c\000a\000t\000i\000o\000n\000a\000l\000\040\000M\000M\000U}{subsection.13.13}% 81
\BOOKMARK [3][-]{subsubsection.13.13.2}{\376\377\000r\000t\000l\000/\000c\000p\000u\000\137\000m\000c\000\137\000m\000m\000u\000.\000v\000\040\040\024\000\040\000s\000y\000n\000t\000h\000e\000s\000i\000z\000a\000b\000l\000e\000\040\000m\000u\000l\000t\000i\000-\000c\000y\000c\000l\000e\000\040\000w\000a\000l\000k\000e\000r}{subsection.13.13}% 82
\BOOKMARK [2][-]{subsection.13.14}{\376\377\000W\000h\000a\000t\000\040\000i\000s\000\040\000s\000i\000m\000p\000l\000i\000f\000i\000e\000d}{section.13}% 83
\BOOKMARK [1][-]{section.14}{\376\377\000P\000i\000p\000e\000l\000i\000n\000e\000,\000\040\000H\000a\000z\000a\000r\000d\000s\000,\000\040\000F\000o\000r\000w\000a\000r\000d\000i\000n\000g\000,\000\040\000a\000n\000d\000\040\000S\000t\000a\000l\000l\000s}{}% 84
\BOOKMARK [2][-]{subsection.14.1}{\376\377\000W\000h\000y\000\040\000p\000i\000p\000e\000l\000i\000n\000i\000n\000g\000\040\000e\000x\000i\000s\000t\000s}{section.14}% 85
\BOOKMARK [2][-]{subsection.14.2}{\376\377\000P\000i\000p\000e\000l\000i\000n\000e\000\040\000r\000e\000g\000i\000s\000t\000e\000r\000s}{section.14}% 86
\BOOKMARK [2][-]{subsection.14.3}{\376\377\000D\000a\000t\000a\000\040\000h\000a\000z\000a\000r\000d\000s}{section.14}% 87
\BOOKMARK [2][-]{subsection.14.4}{\376\377\000F\000o\000r\000w\000a\000r\000d\000i\000n\000g}{section.14}% 88
\BOOKMARK [2][-]{subsection.14.5}{\376\377\000L\000o\000a\000d\000-\000u\000s\000e\000\040\000s\000t\000a\000l\000l}{section.14}% 89
\BOOKMARK [2][-]{subsection.14.6}{\376\377\000C\000o\000n\000t\000r\000o\000l\000\040\000h\000a\000z\000a\000r\000d\000s\000\040\000a\000n\000d\000\040\000f\000l\000u\000s\000h\000i\000n\000g}{section.14}% 90
\BOOKMARK [1][-]{section.15}{\376\377\000P\000r\000e\000c\000i\000s\000e\000\040\000T\000r\000a\000p\000s\000\040\000i\000n\000\040\000t\000h\000e\000\040\000P\000i\000p\000e\000l\000i\000n\000e}{}% 91
\BOOKMARK [2][-]{subsection.15.1}{\376\377\000W\000h\000y\000\040\000t\000r\000a\000p\000s\000\040\000a\000r\000e\000\040\000h\000a\000r\000d\000e\000r\000\040\000i\000n\000\040\000a\000\040\000p\000i\000p\000e\000l\000i\000n\000e}{section.15}% 92
\BOOKMARK [2][-]{subsection.15.2}{\376\377\000W\000h\000a\000t\000\040\000p\000r\000e\000c\000i\000s\000e\000\040\000m\000e\000a\000n\000s}{section.15}% 93
\BOOKMARK [2][-]{subsection.15.3}{\376\377\0001\0005\000.\0003\000\040\000I\000m\000p\000l\000e\000m\000e\000n\000t\000a\000t\000i\000o\000n\000\040\000i\000n\000\040\000c\000p\000u\000\137\000p\000i\000p\000e\000\137\000t\000r\000a\000p\000.\000v}{section.15}% 94
\BOOKMARK [2][-]{subsection.15.4}{\376\377\000W\000h\000y\000\040\000E\000X\000-\000s\000t\000a\000g\000e\000\040\000t\000r\000a\000p\000\040\000c\000o\000m\000m\000i\000t\000\040\000i\000s\000\040\000a\000\040\000r\000e\000a\000s\000o\000n\000a\000b\000l\000e\000\040\000t\000e\000a\000c\000h\000i\000n\000g\000\040\000c\000h\000o\000i\000c\000e}{section.15}% 95
\BOOKMARK [1][-]{section.16}{\376\377\000B\000r\000a\000n\000c\000h\000\040\000P\000r\000e\000d\000i\000c\000t\000i\000o\000n}{}% 96
\BOOKMARK [2][-]{subsection.16.1}{\376\377\000W\000h\000y\000\040\000p\000r\000e\000d\000i\000c\000t\000i\000o\000n\000\040\000e\000x\000i\000s\000t\000s}{section.16}% 97
\BOOKMARK [2][-]{subsection.16.2}{\376\377\000W\000h\000a\000t\000\040\000m\000u\000s\000t\000\040\000b\000e\000\040\000p\000r\000e\000d\000i\000c\000t\000e\000d}{section.16}% 98
\BOOKMARK [2][-]{subsection.16.3}{\376\377\000B\000H\000T\000:\000\040\000b\000r\000a\000n\000c\000h\000\040\000h\000i\000s\000t\000o\000r\000y\000\040\000t\000a\000b\000l\000e}{section.16}% 99
\BOOKMARK [2][-]{subsection.16.4}{\376\377\000B\000T\000B\000:\000\040\000b\000r\000a\000n\000c\000h\000\040\000t\000a\000r\000g\000e\000t\000\040\000b\000u\000f\000f\000e\000r}{section.16}% 100
\BOOKMARK [2][-]{subsection.16.5}{\376\377\000T\000r\000a\000i\000n\000i\000n\000g\000\040\000t\000h\000e\000\040\000p\000r\000e\000d\000i\000c\000t\000o\000r}{section.16}% 101
\BOOKMARK [2][-]{subsection.16.6}{\376\377\0001\0006\000.\0006\000\040\000I\000n\000t\000e\000g\000r\000a\000t\000i\000o\000n\000\040\000i\000n\000\040\000c\000p\000u\000\137\000p\000i\000p\000e\000\137\000b\000p\000.\000v}{section.16}% 102
\BOOKMARK [2][-]{subsection.16.7}{\376\377\000P\000e\000r\000f\000o\000r\000m\000a\000n\000c\000e\000\040\000c\000o\000u\000n\000t\000e\000r\000s}{section.16}% 103
\BOOKMARK [1][-]{section.17}{\376\377\000S\000o\000C\000\040\000I\000n\000t\000e\000g\000r\000a\000t\000i\000o\000n\000\040\000a\000n\000d\000\040\000M\000e\000m\000o\000r\000y\000\040\000M\000a\000p\000\040\000C\000o\000n\000c\000e\000p\000t}{}% 104
\BOOKMARK [2][-]{subsection.17.1}{\376\377\000W\000h\000y\000\040\000a\000\040\000C\000P\000U\000\040\000c\000o\000r\000e\000\040\000n\000e\000e\000d\000s\000\040\000a\000\040\000S\000o\000C\000\040\000w\000r\000a\000p\000p\000e\000r}{section.17}% 105
\BOOKMARK [2][-]{subsection.17.2}{\376\377\000M\000e\000m\000o\000r\000y\000-\000m\000a\000p\000p\000e\000d\000\040\000p\000e\000r\000i\000p\000h\000e\000r\000a\000l\000s}{section.17}% 106
\BOOKMARK [2][-]{subsection.17.3}{\376\377\000I\000m\000p\000o\000r\000t\000a\000n\000t\000\040\000w\000r\000a\000p\000p\000e\000r\000s}{section.17}% 107
\BOOKMARK [1][-]{section.18}{\376\377\000U\000A\000R\000T\000,\000\040\000D\000e\000b\000u\000g\000,\000\040\000a\000n\000d\000\040\000S\000y\000s\000t\000e\000m\000\040\000C\000o\000n\000t\000r\000o\000l}{}% 108
\BOOKMARK [2][-]{subsection.18.1}{\376\377\000W\000h\000y\000\040\000U\000A\000R\000T\000\040\000i\000s\000\040\000u\000s\000e\000f\000u\000l}{section.18}% 109
\BOOKMARK [2][-]{subsection.18.2}{\376\377\000D\000e\000b\000u\000g\000\040\000s\000u\000p\000p\000o\000r\000t}{section.18}% 110
\BOOKMARK [2][-]{subsection.18.3}{\376\377\000S\000y\000s\000t\000e\000m\000\040\000c\000o\000n\000t\000r\000o\000l}{section.18}% 111
\BOOKMARK [1][-]{section.19}{\376\377\000F\000P\000G\000A\000\040\000a\000n\000d\000\040\000S\000y\000n\000t\000h\000e\000s\000i\000s\000\040\000N\000o\000t\000e\000s}{}% 112
\BOOKMARK [2][-]{subsection.19.1}{\376\377\000W\000h\000y\000\040\000s\000i\000m\000u\000l\000a\000t\000i\000o\000n\000\040\000c\000o\000d\000e\000\040\000a\000n\000d\000\040\000F\000P\000G\000A\000\040\000c\000o\000d\000e\000\040\000d\000i\000f\000f\000e\000r}{section.19}% 113
\BOOKMARK [2][-]{subsection.19.2}{\376\377\000F\000P\000G\000A\000\040\000t\000o\000p\000\040\000m\000o\000d\000u\000l\000e\000s}{section.19}% 114
\BOOKMARK [2][-]{subsection.19.3}{\376\377\000P\000r\000a\000c\000t\000i\000c\000a\000l\000\040\000s\000y\000n\000t\000h\000e\000s\000i\000s\000\040\000c\000o\000n\000c\000e\000r\000n\000s}{section.19}% 115
\BOOKMARK [1][-]{section.20}{\376\377\000S\000o\000f\000t\000w\000a\000r\000e\000\040\000a\000n\000d\000\040\000V\000e\000r\000i\000f\000i\000c\000a\000t\000i\000o\000n}{}% 116
\BOOKMARK [2][-]{subsection.20.1}{\376\377\000W\000h\000y\000\040\000t\000e\000s\000t\000b\000e\000n\000c\000h\000e\000s\000\040\000m\000a\000t\000t\000e\000r}{section.20}% 117
\BOOKMARK [2][-]{subsection.20.2}{\376\377\000W\000h\000a\000t\000\040\000t\000o\000\040\000t\000e\000s\000t\000\040\000p\000e\000r\000\040\000b\000l\000o\000c\000k}{section.20}% 118
\BOOKMARK [2][-]{subsection.20.3}{\376\377\000S\000o\000f\000t\000w\000a\000r\000e\000\040\000d\000e\000m\000o\000s}{section.20}% 119
\BOOKMARK [1][-]{section.21}{\376\377\000H\000o\000w\000\040\000t\000o\000\040\000R\000e\000a\000d\000\040\000t\000h\000e\000\040\000C\000o\000d\000e\000b\000a\000s\000e}{}% 120
\BOOKMARK [1][-]{section.22}{\376\377\000D\000e\000s\000i\000g\000n\000\040\000P\000h\000i\000l\000o\000s\000o\000p\000h\000y\000\040\000a\000n\000d\000\040\000L\000i\000m\000i\000t\000a\000t\000i\000o\000n\000s}{}% 121
\BOOKMARK [2][-]{subsection.22.1}{\376\377\000D\000e\000s\000i\000g\000n\000\040\000p\000h\000i\000l\000o\000s\000o\000p\000h\000y}{section.22}% 122
\BOOKMARK [2][-]{subsection.22.2}{\376\377\000K\000n\000o\000w\000n\000\040\000s\000i\000m\000p\000l\000i\000f\000i\000c\000a\000t\000i\000o\000n\000s}{section.22}% 123
\BOOKMARK [1][-]{section.23}{\376\377\000S\000u\000g\000g\000e\000s\000t\000e\000d\000\040\000F\000u\000t\000u\000r\000e\000\040\000I\000m\000p\000r\000o\000v\000e\000m\000e\000n\000t\000s}{}% 124
\BOOKMARK [1][-]{section.24}{\376\377\000S\000u\000m\000m\000a\000r\000y}{}% 125
